<?xml version="1.0" encoding="UTF-8"?>
<!-- Generated by org.testng.reporters.JUnitXMLReporter -->
<testsuite ignored="3" hostname="DESKTOP-NVEN0KO" failures="0" tests="1" name="ChromeTest" time="19.652" errors="0" timestamp="2025-05-06T12:06:05 IST">
  <testcase classname="testCase.ManageNewsTest" name="createMessage" time="8.231"/>
  <testcase classname="testCase.ManageNewsTest" name="updateMessage" time="0.0">
    <ignored/>
  </testcase> <!-- updateMessage -->
  <testcase classname="testCase.ManageNewsTest" name="deleteMessage" time="0.0">
    <ignored/>
  </testcase> <!-- deleteMessage -->
  <testcase classname="testCase.ManageNewsTest" name="searchMessage" time="0.0">
    <ignored/>
  </testcase> <!-- searchMessage -->
</testsuite> <!-- ChromeTest -->
