<?xml version="1.0" encoding="UTF-8"?>
<testng-results ignored="3" total="4" passed="1" failed="0" skipped="0">
  <reporter-output>
  </reporter-output>
  <suite started-at="2025-05-06T12:05:44 IST" name="GroceryApplication" finished-at="2025-05-06T12:06:03 IST" duration-ms="19652">
    <groups>
    </groups>
    <test started-at="2025-05-06T12:05:44 IST" name="ChromeTest" finished-at="2025-05-06T12:06:03 IST" duration-ms="19652">
      <class name="testCase.ManageNewsTest">
        <test-method is-config="true" signature="beforeMethod(java.lang.String)[pri:0, instance:testCase.ManageNewsTest@62379589]" started-at="2025-05-06T12:05:45 IST" name="beforeMethod" finished-at="2025-05-06T12:05:54 IST" duration-ms="9136" status="PASS">
          <params>
            <param index="0">
              <value>
                <![CDATA[chrome]]>
              </value>
            </param>
          </params>
          <reporter-output>
          </reporter-output>
        </test-method> <!-- beforeMethod -->
        <test-method signature="createMessage()[pri:1, instance:testCase.ManageNewsTest@62379589]" started-at="2025-05-06T12:05:54 IST" name="createMessage" finished-at="2025-05-06T12:06:02 IST" duration-ms="8231" status="PASS">
          <reporter-output>
          </reporter-output>
        </test-method> <!-- createMessage -->
        <test-method is-config="true" signature="afterMethod(org.testng.ITestResult)[pri:0, instance:testCase.ManageNewsTest@62379589]" started-at="2025-05-06T12:06:02 IST" name="afterMethod" finished-at="2025-05-06T12:06:03 IST" duration-ms="1245" status="PASS">
          <params>
            <param index="0">
              <value>
                <![CDATA[[TestResult name=createMessage status=SUCCESS method=ManageNewsTest.createMessage()[pri:1, instance:testCase.ManageNewsTest@62379589] output={null}]]]>
              </value>
            </param>
          </params>
          <reporter-output>
          </reporter-output>
        </test-method> <!-- afterMethod -->
      </class> <!-- testCase.ManageNewsTest -->
    </test> <!-- ChromeTest -->
  </suite> <!-- GroceryApplication -->
</testng-results>
